<?xml version="1.0" encoding="UTF-8"?>
<testng-results skipped="0" failed="0" ignored="0" total="1" passed="1">
  <reporter-output>
  </reporter-output>
  <suite name="Suite" duration-ms="24438" started-at="2021-09-12T12:02:30 IST" finished-at="2021-09-12T12:02:55 IST">
    <groups>
    </groups>
    <test name="Test" duration-ms="24438" started-at="2021-09-12T12:02:30 IST" finished-at="2021-09-12T12:02:55 IST">
      <class name="test.project.LoginToApplication">
        <test-method status="PASS" signature="setUp()[pri:0, instance:test.project.LoginToApplication@4cf4d528]" name="setUp" is-config="true" duration-ms="5423" started-at="2021-09-12T12:02:30 IST" finished-at="2021-09-12T12:02:36 IST">
          <reporter-output>
          </reporter-output>
        </test-method> <!-- setUp -->
        <test-method status="PASS" signature="SignIn()[pri:0, instance:test.project.LoginToApplication@4cf4d528]" name="SignIn" duration-ms="14341" started-at="2021-09-12T12:02:36 IST" finished-at="2021-09-12T12:02:50 IST">
          <reporter-output>
          </reporter-output>
        </test-method> <!-- SignIn -->
        <test-method status="PASS" signature="Logout()[pri:0, instance:test.project.LoginToApplication@4cf4d528]" name="Logout" is-config="true" duration-ms="4597" started-at="2021-09-12T12:02:50 IST" finished-at="2021-09-12T12:02:55 IST">
          <reporter-output>
          </reporter-output>
        </test-method> <!-- Logout -->
      </class> <!-- test.project.LoginToApplication -->
    </test> <!-- Test -->
  </suite> <!-- Suite -->
</testng-results>
